---------- Begin SLURM Prolog ----------
Job ID:        4096943
Username:      ddepew
Accountname:   lc_ddd2
Name:          Workflow_R47_parallel
Partition:     scavenge
Nodelist:      hpc[3001-3004]
TasksPerNode:  16(x4)
CPUsPerTask:   Default[1]
TMPDIR:        /tmp/4096943.scavenge
SCRATCHDIR:    /staging/scratch/4096943
Cluster:       uschpc
HSDA Account:  false
---------- 2019-07-29 12:08:34 ---------
Starting 4096943 Mon Jul 29 12:08:35 PDT 2019
Initiated on hpc3001

Running on 4 nodes: 
hpc[3001-3004]
Using 64 compute processes with 16 compute processes per node
Current semaphores:

------ Semaphore Arrays --------
key        semid      owner      perms      nsems     

After semaphore removal:

------ Semaphore Arrays --------
key        semid      owner      perms      nsems     

cp: cannot stat ‘/staging/scratch/4096943/*’: No such file or directory
Done    Mon Jul 29 12:08:36 PDT 2019
